.../IdeaProjects/github.com/vskurikhin/architecture-sprint-5/rasa_env/lib/python3.10/site-packages/rasa/core/tracker_store.py:1044: MovedIn20Warning: Deprecated API features detected! These feature(s) are not compatible with SQLAlchemy 2.0. To prevent incompatible upgrades prior to updating applications, ensure requirements files are pinned to "sqlalchemy<2.0". Set environment variable SQLALCHEMY_WARN_20=1 to show all deprecation warnings.  Set environment variable SQLALCHEMY_SILENCE_UBER_WARNING=1 to silence this message. (Background on SQLAlchemy 2.0 at: https://sqlalche.me/e/b8d9)
  Base: DeclarativeMeta = declarative_base()
.../IdeaProjects/github.com/vskurikhin/architecture-sprint-5/rasa_env/lib/python3.10/site-packages/rasa/shared/utils/validation.py:134: DeprecationWarning: pkg_resources is deprecated as an API. See https://setuptools.pypa.io/en/latest/pkg_resources.html
  import pkg_resources
.../IdeaProjects/github.com/vskurikhin/architecture-sprint-5/rasa_env/lib/python3.10/site-packages/pkg_resources/__init__.py:3149: DeprecationWarning: Deprecated call to `pkg_resources.declare_namespace('mpl_toolkits')`.
Implementing implicit namespace packages (as specified in PEP 420) is preferred to `pkg_resources.declare_namespace`. See https://setuptools.pypa.io/en/latest/references/keywords.html#keyword-namespace-packages
  declare_namespace(pkg)
.../IdeaProjects/github.com/vskurikhin/architecture-sprint-5/rasa_env/lib/python3.10/site-packages/pkg_resources/__init__.py:3149: DeprecationWarning: Deprecated call to `pkg_resources.declare_namespace('ruamel')`.
Implementing implicit namespace packages (as specified in PEP 420) is preferred to `pkg_resources.declare_namespace`. See https://setuptools.pypa.io/en/latest/references/keywords.html#keyword-namespace-packages
  declare_namespace(pkg)
<frozen importlib._bootstrap>:283: DeprecationWarning: the load_module() method is deprecated and slated for removal in Python 3.12; use exec_module() instead
2024-11-13 19:36:32 DEBUG    rasa.cli.utils  - Parameter 'credentials' not set. Using default location 'credentials.yml' instead.
.../IdeaProjects/github.com/vskurikhin/architecture-sprint-5/rasa_env/lib/python3.10/site-packages/sanic_cors/extension.py:39: DeprecationWarning: distutils Version classes are deprecated. Use packaging.version instead.
  SANIC_VERSION = LooseVersion(sanic_version)
2024-11-13 19:36:33 DEBUG    h5py._conv  - Creating converter from 7 to 5
2024-11-13 19:36:33 DEBUG    h5py._conv  - Creating converter from 5 to 7
2024-11-13 19:36:33 DEBUG    h5py._conv  - Creating converter from 7 to 5
2024-11-13 19:36:33 DEBUG    h5py._conv  - Creating converter from 5 to 7
2024-11-13 19:36:33 DEBUG    jax._src.path  - etils.epath was not found. Using pathlib for file I/O.
.../IdeaProjects/github.com/vskurikhin/architecture-sprint-5/rasa_env/lib/python3.10/site-packages/tensorflow/lite/python/util.py:52: DeprecationWarning: jax.xla_computation is deprecated. Please use the AOT APIs.
  from jax import xla_computation as _xla_computation
<frozen importlib._bootstrap>:283: DeprecationWarning: the load_module() method is deprecated and slated for removal in Python 3.12; use exec_module() instead
2024-11-13 19:36:33 DEBUG    rasa.core.utils  - Available web server routes: 
/conversations/<conversation_id:path>/messages     POST                           add_message
/conversations/<conversation_id:path>/tracker/events POST                           append_events
/webhooks/rasa                                     GET                            custom_webhook_RasaChatInput.health
/webhooks/rasa/webhook                             POST                           custom_webhook_RasaChatInput.receive
/webhooks/rest                                     GET                            custom_webhook_RestInput.health
/webhooks/rest/webhook                             POST                           custom_webhook_RestInput.receive
/model/test/intents                                POST                           evaluate_intents
/model/test/stories                                POST                           evaluate_stories
/conversations/<conversation_id:path>/execute      POST                           execute_action
/domain                                            GET                            get_domain
/                                                  GET                            hello
/model                                             PUT                            load_model
/model/parse                                       POST                           parse
/conversations/<conversation_id:path>/predict      POST                           predict
/conversations/<conversation_id:path>/tracker/events PUT                            replace_events
/conversations/<conversation_id:path>/story        GET                            retrieve_story
/conversations/<conversation_id:path>/tracker      GET                            retrieve_tracker
/status                                            GET                            status
/model/predict                                     POST                           tracker_predict
/model/train                                       POST                           train
/conversations/<conversation_id:path>/trigger_intent POST                           trigger_intent
/model                                             DELETE                         unload_model
/version                                           GET                            version
2024-11-13 19:36:33 INFO     root  - Starting Rasa server on http://0.0.0.0:5005
2024-11-13 19:36:33 DEBUG    rasa.core.utils  - Using the default number of Sanic workers (1).
[93m.../IdeaProjects/github.com/vskurikhin/architecture-sprint-5/rasa_env/lib/python3.10/site-packages/rasa/shared/core/slot_mappings.py:224: UserWarning: Slot auto-fill has been removed in 3.0 and replaced with a new explicit mechanism to set slots. Please refer to https://rasa.com/docs/rasa/domain#slots to learn more.
  rasa.shared.utils.io.raise_warning(
[0m2024-11-13 19:36:34 DEBUG    rasa.telemetry  - Skipping telemetry reporting: no license hash found.
2024-11-13 19:36:34 DEBUG    rasa.core.tracker_store  - Connected to InMemoryTrackerStore.
2024-11-13 19:36:34 DEBUG    rasa.core.lock_store  - Connected to lock store 'InMemoryLockStore'.
2024-11-13 19:36:34 DEBUG    rasa.core.nlg.generator  - Instantiated NLG to 'TemplatedNaturalLanguageGenerator'.
2024-11-13 19:36:34 INFO     rasa.core.processor  - Loading model models/20241113-193604-obvious-brass.tar.gz...
2024-11-13 19:36:34 DEBUG    rasa.engine.storage.local_model_storage  - Extracted model to '/tmp/tmpr0_f1qp9'.
2024-11-13 19:36:34 DEBUG    rasa.engine.graph  - Node 'nlu_message_converter' loading 'NLUMessageConverter.load' and kwargs: '{}'.
2024-11-13 19:36:34 DEBUG    rasa.engine.graph  - Node 'run_WhitespaceTokenizer0' loading 'WhitespaceTokenizer.load' and kwargs: '{}'.
2024-11-13 19:36:34 DEBUG    rasa.engine.graph  - Node 'run_RegexFeaturizer1' loading 'RegexFeaturizer.load' and kwargs: '{}'.
2024-11-13 19:36:34 DEBUG    rasa.engine.storage.local_model_storage  - Resource 'train_RegexFeaturizer1' was requested for reading.
2024-11-13 19:36:34 DEBUG    rasa.engine.graph  - Node 'run_LexicalSyntacticFeaturizer2' loading 'LexicalSyntacticFeaturizer.load' and kwargs: '{}'.
2024-11-13 19:36:34 DEBUG    rasa.engine.storage.local_model_storage  - Resource 'train_LexicalSyntacticFeaturizer2' was requested for reading.
2024-11-13 19:36:34 DEBUG    rasa.engine.graph  - Node 'run_CountVectorsFeaturizer3' loading 'CountVectorsFeaturizer.load' and kwargs: '{}'.
2024-11-13 19:36:34 DEBUG    rasa.engine.storage.local_model_storage  - Resource 'train_CountVectorsFeaturizer3' was requested for reading.
2024-11-13 19:36:34 DEBUG    rasa.engine.graph  - Node 'run_LanguageModelFeaturizer4' loading 'LanguageModelFeaturizer.load' and kwargs: '{}'.
2024-11-13 19:36:34 DEBUG    rasa.nlu.featurizers.dense_featurizer.lm_featurizer  - Loading Tokenizer and Model for bert
2024-11-13 19:36:34 DEBUG    urllib3.connectionpool  - Starting new HTTPS connection (1): huggingface.co:443
2024-11-13 19:36:34 DEBUG    urllib3.connectionpool  - https://huggingface.co:443 "HEAD /bert-base-cased/resolve/main/tokenizer_config.json HTTP/11" 200 0
2024-11-13 19:36:34 DEBUG    urllib3.connectionpool  - https://huggingface.co:443 "HEAD /bert-base-cased/resolve/main/config.json HTTP/11" 200 0
Some weights of the PyTorch model were not used when initializing the TF 2.0 model TFBertModel: ['cls.seq_relationship.weight', 'cls.predictions.transform.LayerNorm.bias', 'cls.seq_relationship.bias', 'cls.predictions.transform.dense.weight', 'cls.predictions.transform.dense.bias', 'cls.predictions.transform.LayerNorm.weight', 'cls.predictions.bias']
- This IS expected if you are initializing TFBertModel from a PyTorch model trained on another task or with another architecture (e.g. initializing a TFBertForSequenceClassification model from a BertForPreTraining model).
- This IS NOT expected if you are initializing TFBertModel from a PyTorch model that you expect to be exactly identical (e.g. initializing a TFBertForSequenceClassification model from a BertForSequenceClassification model).
All the weights of TFBertModel were initialized from the PyTorch model.
If your task is similar to the task the model of the checkpoint was trained on, you can already use TFBertModel for predictions without further training.
2024-11-13 19:36:35 DEBUG    rasa.engine.graph  - Node 'run_DIETClassifier5' loading 'DIETClassifier.load' and kwargs: '{}'.
2024-11-13 19:36:35 DEBUG    rasa.engine.storage.local_model_storage  - Resource 'train_DIETClassifier5' was requested for reading.
2024-11-13 19:36:35 DEBUG    rasa.utils.tensorflow.models  - Loading the model from /tmp/tmp8qkg0mbm/train_DIETClassifier5/DIETClassifier.tf_model with finetune_mode=False...
2024-11-13 19:36:35 DEBUG    rasa.nlu.classifiers.diet_classifier  - You specified 'DIET' to train entities, but no entities are present in the training data. Skipping training of entities.
2024-11-13 19:36:35 DEBUG    rasa.nlu.classifiers.diet_classifier  - Following metrics will be logged during training: 
2024-11-13 19:36:35 DEBUG    rasa.nlu.classifiers.diet_classifier  -   t_loss (total loss)
2024-11-13 19:36:35 DEBUG    rasa.nlu.classifiers.diet_classifier  -   i_acc (intent acc)
2024-11-13 19:36:35 DEBUG    rasa.nlu.classifiers.diet_classifier  -   i_loss (intent loss)
/usr/lib/python3.10/random.py:370: DeprecationWarning: non-integer arguments to randrange() have been deprecated since Python 3.10 and will be removed in a subsequent version
  return self.randrange(a, b+1)
2024-11-13 19:36:40 DEBUG    rasa.utils.tensorflow.models  - Finished loading the model.
[93m.../IdeaProjects/github.com/vskurikhin/architecture-sprint-5/rasa_env/lib/python3.10/site-packages/rasa/utils/train_utils.py:530: UserWarning: constrain_similarities is set to `False`. It is recommended to set it to `True` when using cross-entropy loss.
  rasa.shared.utils.io.raise_warning(
[0m2024-11-13 19:36:40 DEBUG    rasa.engine.graph  - Node 'run_EntitySynonymMapper6' loading 'EntitySynonymMapper.load' and kwargs: '{}'.
2024-11-13 19:36:40 DEBUG    rasa.engine.storage.local_model_storage  - Resource 'train_EntitySynonymMapper6' was requested for reading.
2024-11-13 19:36:40 DEBUG    rasa.nlu.extractors.entity_synonyms  - Failed to load ABCMeta from model storage. Resource 'train_EntitySynonymMapper6' doesn't exist.
2024-11-13 19:36:40 DEBUG    rasa.engine.graph  - Node 'run_ResponseSelector7' loading 'ResponseSelector.load' and kwargs: '{}'.
2024-11-13 19:36:40 DEBUG    rasa.engine.storage.local_model_storage  - Resource 'train_ResponseSelector7' was requested for reading.
2024-11-13 19:36:40 DEBUG    rasa.nlu.classifiers.diet_classifier  - Failed to load ABCMeta from model storage. Resource 'train_ResponseSelector7' doesn't exist.
[93m.../IdeaProjects/github.com/vskurikhin/architecture-sprint-5/rasa_env/lib/python3.10/site-packages/rasa/shared/utils/io.py:99: UserWarning: 'evaluate_every_number_of_epochs=20' is greater than 'epochs=1'. No evaluation will occur.
[0m2024-11-13 19:36:40 DEBUG    rasa.engine.storage.local_model_storage  - Resource 'train_ResponseSelector7' was requested for reading.
2024-11-13 19:36:40 DEBUG    rasa.nlu.selectors.response_selector  - Failed to load ResponseSelector from model storage. Resource 'train_ResponseSelector7' doesn't exist.
2024-11-13 19:36:40 DEBUG    rasa.engine.graph  - Node 'run_RegexMessageHandler' loading 'RegexMessageHandler.load' and kwargs: '{}'.
2024-11-13 19:36:40 DEBUG    rasa.engine.graph  - Node 'domain_provider' loading 'DomainProvider.load' and kwargs: '{}'.
2024-11-13 19:36:40 DEBUG    rasa.engine.storage.local_model_storage  - Resource 'domain_provider' was requested for reading.
<frozen importlib._bootstrap>:283: DeprecationWarning: the load_module() method is deprecated and slated for removal in Python 3.12; use exec_module() instead
[93m.../IdeaProjects/github.com/vskurikhin/architecture-sprint-5/rasa_env/lib/python3.10/site-packages/rasa/shared/core/slot_mappings.py:224: UserWarning: Slot auto-fill has been removed in 3.0 and replaced with a new explicit mechanism to set slots. Please refer to https://rasa.com/docs/rasa/domain#slots to learn more.
  rasa.shared.utils.io.raise_warning(
[0m2024-11-13 19:36:40 DEBUG    rasa.engine.graph  - Node 'run_MemoizationPolicy0' loading 'MemoizationPolicy.load' and kwargs: '{}'.
2024-11-13 19:36:40 DEBUG    rasa.engine.storage.local_model_storage  - Resource 'train_MemoizationPolicy0' was requested for reading.
2024-11-13 19:36:40 DEBUG    rasa.engine.graph  - Node 'run_RulePolicy1' loading 'RulePolicy.load' and kwargs: '{}'.
2024-11-13 19:36:40 DEBUG    rasa.engine.storage.local_model_storage  - Resource 'train_RulePolicy1' was requested for reading.
2024-11-13 19:36:40 DEBUG    rasa.engine.graph  - Node 'run_TEDPolicy2' loading 'TEDPolicy.load' and kwargs: '{}'.
2024-11-13 19:36:40 DEBUG    rasa.engine.storage.local_model_storage  - Resource 'train_TEDPolicy2' was requested for reading.
2024-11-13 19:36:40 DEBUG    rasa.utils.tensorflow.models  - Loading the model from /tmp/tmp8qkg0mbm/train_TEDPolicy2/ted_policy.tf_model with finetune_mode=False...
2024-11-13 19:36:46 DEBUG    rasa.utils.tensorflow.models  - Finished loading the model.
2024-11-13 19:36:46 DEBUG    rasa.engine.graph  - Node 'rule_only_data_provider' loading 'RuleOnlyDataProvider.load' and kwargs: '{}'.
2024-11-13 19:36:46 DEBUG    rasa.engine.storage.local_model_storage  - Resource 'train_RulePolicy1' was requested for reading.
2024-11-13 19:36:46 DEBUG    rasa.engine.graph  - Node 'select_prediction' loading 'DefaultPolicyPredictionEnsemble.load' and kwargs: '{}'.
2024-11-13 19:36:46 INFO     root  - Rasa server is up and running.
2024-11-13 19:36:46 INFO     root  - Enabling coroutine debugging. Loop id 110337072283696.
2024-11-13 19:37:23 DEBUG    rasa.core.lock_store  - Issuing ticket for conversation 'PractikumStudent'.
2024-11-13 19:37:23 DEBUG    rasa.core.lock_store  - Acquiring lock for conversation 'PractikumStudent'.
2024-11-13 19:37:23 DEBUG    rasa.core.lock_store  - Acquired lock for conversation 'PractikumStudent'.
2024-11-13 19:37:23 DEBUG    rasa.core.tracker_store  - Could not find tracker for conversation ID 'PractikumStudent'.
2024-11-13 19:37:23 DEBUG    rasa.core.tracker_store  - No event broker configured. Skipping streaming events.
2024-11-13 19:37:23 DEBUG    rasa.core.processor  - Starting a new session for conversation ID 'PractikumStudent'.
2024-11-13 19:37:23 DEBUG    rasa.core.processor  - {"prediction_events": [], "event": "processor.actions.policy_prediction", "level": "debug"}
2024-11-13 19:37:23 DEBUG    rasa.core.processor  - {"action_name": "action_session_start", "rasa_events": ["<rasa.shared.core.events.SessionStarted object at 0x73fb23fe61a0>", "ActionExecuted(action: action_listen, policy: None, confidence: None)"], "event": "processor.actions.log", "level": "debug"}
2024-11-13 19:37:23 DEBUG    rasa.core.processor  - {"slot_values": "\ttopic: None\n\tsession_started_metadata: None", "event": "processor.slots.log", "level": "debug"}
2024-11-13 19:37:23 DEBUG    rasa.engine.runner.dask  - Running graph with inputs: {'__message__': [<rasa.core.channels.channel.UserMessage object at 0x73fb23581cc0>], '__tracker__': <rasa.shared.core.trackers.DialogueStateTracker object at 0x73fb23582920>}, targets: ['run_RegexMessageHandler'] and ExecutionContext(model_id='c53c3e661ba3433d8e0d485d2b758ec7', should_add_diagnostic_data=False, is_finetuning=False, node_name=None).
2024-11-13 19:37:23 DEBUG    rasa.engine.graph  - Node 'nlu_message_converter' running 'NLUMessageConverter.convert_user_message'.
2024-11-13 19:37:23 DEBUG    rasa.engine.graph  - Node 'run_WhitespaceTokenizer0' running 'WhitespaceTokenizer.process'.
2024-11-13 19:37:23 DEBUG    rasa.engine.graph  - Node 'run_RegexFeaturizer1' running 'RegexFeaturizer.process'.
2024-11-13 19:37:23 DEBUG    rasa.engine.graph  - Node 'run_LexicalSyntacticFeaturizer2' running 'LexicalSyntacticFeaturizer.process'.
2024-11-13 19:37:23 DEBUG    rasa.engine.graph  - Node 'run_CountVectorsFeaturizer3' running 'CountVectorsFeaturizer.process'.
2024-11-13 19:37:23 DEBUG    rasa.engine.graph  - Node 'run_LanguageModelFeaturizer4' running 'LanguageModelFeaturizer.process'.
2024-11-13 19:37:23 DEBUG    rasa.engine.graph  - Node 'run_DIETClassifier5' running 'DIETClassifier.process'.
2024-11-13 19:37:23 DEBUG    rasa.engine.graph  - Node 'run_EntitySynonymMapper6' running 'EntitySynonymMapper.process'.
2024-11-13 19:37:23 DEBUG    rasa.engine.graph  - Node 'run_ResponseSelector7' running 'ResponseSelector.process'.
2024-11-13 19:37:23 DEBUG    rasa.nlu.classifiers.diet_classifier  - There is no trained model for 'ResponseSelector': The component is either not trained or didn't receive enough training data.
2024-11-13 19:37:23 DEBUG    rasa.nlu.selectors.response_selector  - Adding following selector key to message property: default
2024-11-13 19:37:23 DEBUG    rasa.engine.graph  - Node 'domain_provider' running 'DomainProvider.provide_inference'.
2024-11-13 19:37:23 DEBUG    rasa.engine.graph  - Node 'run_RegexMessageHandler' running 'RegexMessageHandler.process'.
2024-11-13 19:37:23 DEBUG    rasa.core.processor  - {"parse_data_text": "\u041f\u0440\u0438\u0432\u0435\u0442.", "parse_data_intent": {"name": "greet", "confidence": 0.4184974133968353}, "parse_data_entities": [], "event": "processor.message.parse", "level": "debug"}
2024-11-13 19:37:23 DEBUG    rasa.core.processor  - Logged UserUtterance - tracker now has 4 events.
2024-11-13 19:37:23 DEBUG    rasa.core.actions.action  - Validating extracted slots: topic
2024-11-13 19:37:23 DEBUG    rasa.core.processor  - {"action_extract_slot": "action_extract_slots", "len_extraction_events": 1, "rasa_events": ["SlotSet(key: topic, value: \u041f\u0440\u0438\u0432\u0435\u0442.)"], "event": "processor.extract.slots", "level": "debug"}
2024-11-13 19:37:23 DEBUG    rasa.engine.runner.dask  - Running graph with inputs: {'__tracker__': <rasa.shared.core.trackers.DialogueStateTracker object at 0x73fb23582920>}, targets: ['select_prediction'] and ExecutionContext(model_id='c53c3e661ba3433d8e0d485d2b758ec7', should_add_diagnostic_data=False, is_finetuning=False, node_name=None).
2024-11-13 19:37:23 DEBUG    rasa.engine.graph  - Node 'rule_only_data_provider' running 'RuleOnlyDataProvider.provide'.
2024-11-13 19:37:23 DEBUG    rasa.engine.graph  - Node 'domain_provider' running 'DomainProvider.provide_inference'.
2024-11-13 19:37:23 DEBUG    rasa.engine.graph  - Node 'run_MemoizationPolicy0' running 'MemoizationPolicy.predict_action_probabilities'.
2024-11-13 19:37:23 DEBUG    rasa.core.policies.memoization  - {"tracker_states": [{}, {"user": {"intent": "greet"}, "prev_action": {"action_name": "action_listen"}}], "event": "memoization.predict.actions", "level": "debug"}
2024-11-13 19:37:23 DEBUG    rasa.core.policies.memoization  - There is a memorised next action 'utter_greet'
2024-11-13 19:37:23 DEBUG    rasa.engine.graph  - Node 'run_RulePolicy1' running 'RulePolicy.predict_action_probabilities'.
2024-11-13 19:37:23 DEBUG    rasa.core.policies.rule_policy  - {"current_states": "\n[state 1] user text: \u041f\u0440\u0438\u0432\u0435\u0442. | previous action name: action_listen", "event": "rule_policy.actions.find", "level": "debug"}
2024-11-13 19:37:23 DEBUG    rasa.core.policies.rule_policy  - There is no applicable rule.
2024-11-13 19:37:23 DEBUG    rasa.core.policies.rule_policy  - {"current_states": "\n[state 1] user intent: greet | previous action name: action_listen", "event": "rule_policy.actions.find", "level": "debug"}
2024-11-13 19:37:23 DEBUG    rasa.core.policies.rule_policy  - There is a rule for the next action 'utter_greet'.
2024-11-13 19:37:23 DEBUG    rasa.engine.graph  - Node 'run_TEDPolicy2' running 'TEDPolicy.predict_action_probabilities'.
2024-11-13 19:37:23 DEBUG    rasa.core.policies.ted_policy  - TED predicted 'action_listen' based on user intent.
2024-11-13 19:37:23 DEBUG    rasa.engine.graph  - Node 'select_prediction' running 'DefaultPolicyPredictionEnsemble.combine_predictions_from_kwargs'.
2024-11-13 19:37:23 DEBUG    rasa.core.policies.ensemble  - Made prediction using user intent.
2024-11-13 19:37:23 DEBUG    rasa.core.policies.ensemble  - Added `DefinePrevUserUtteredFeaturization(False)` event.
2024-11-13 19:37:23 DEBUG    rasa.core.policies.ensemble  - Predicted next action using RulePolicy.
2024-11-13 19:37:23 DEBUG    rasa.core.processor  - Predicted next action 'utter_greet' with confidence 1.00.
2024-11-13 19:37:23 DEBUG    rasa.core.processor  - {"prediction_events": ["<rasa.shared.core.events.DefinePrevUserUtteredFeaturization object at 0x73fb2c0b0a30>"], "event": "processor.actions.policy_prediction", "level": "debug"}
2024-11-13 19:37:23 DEBUG    rasa.core.processor  - {"action_name": "utter_greet", "rasa_events": ["BotUttered('\u041f\u0440\u0438\u0432\u0435\u0442! \u0427\u0435\u043c \u043c\u043e\u0433\u0443 \u043f\u043e\u043c\u043e\u0447\u044c \u0432 \u043e\u0431\u043b\u0430\u0441\u0442\u0438 \u0430\u0440\u0445\u0438\u0442\u0435\u043a\u0442\u0443\u0440\u044b \u043f\u0440\u043e\u0433\u0440\u0430\u043c\u043c\u043d\u043e\u0433\u043e \u043e\u0431\u0435\u0441\u043f\u0435\u0447\u0435\u043d\u0438\u044f?', {\"elements\": null, \"quick_replies\": null, \"buttons\": null, \"attachment\": null, \"image\": null, \"custom\": null}, {\"utter_action\": \"utter_greet\"}, 1731515843.4792495)"], "event": "processor.actions.log", "level": "debug"}
2024-11-13 19:37:23 DEBUG    rasa.engine.runner.dask  - Running graph with inputs: {'__tracker__': <rasa.shared.core.trackers.DialogueStateTracker object at 0x73fb23582920>}, targets: ['select_prediction'] and ExecutionContext(model_id='c53c3e661ba3433d8e0d485d2b758ec7', should_add_diagnostic_data=False, is_finetuning=False, node_name=None).
2024-11-13 19:37:23 DEBUG    rasa.engine.graph  - Node 'rule_only_data_provider' running 'RuleOnlyDataProvider.provide'.
2024-11-13 19:37:23 DEBUG    rasa.engine.graph  - Node 'domain_provider' running 'DomainProvider.provide_inference'.
2024-11-13 19:37:23 DEBUG    rasa.engine.graph  - Node 'run_MemoizationPolicy0' running 'MemoizationPolicy.predict_action_probabilities'.
2024-11-13 19:37:23 DEBUG    rasa.core.policies.memoization  - {"tracker_states": [{"user": {"intent": "greet"}, "prev_action": {"action_name": "action_listen"}}, {"user": {"intent": "greet"}, "prev_action": {"action_name": "utter_greet"}}], "event": "memoization.predict.actions", "level": "debug"}
2024-11-13 19:37:23 DEBUG    rasa.core.policies.memoization  - There is a memorised next action 'action_listen'
2024-11-13 19:37:23 DEBUG    rasa.engine.graph  - Node 'run_RulePolicy1' running 'RulePolicy.predict_action_probabilities'.
2024-11-13 19:37:23 DEBUG    rasa.core.policies.rule_policy  - {"current_states": "\n[state 1] user intent: greet | previous action name: action_listen\n[state 2] user intent: greet | previous action name: utter_greet", "event": "rule_policy.actions.find", "level": "debug"}
2024-11-13 19:37:23 DEBUG    rasa.core.policies.rule_policy  - There is a rule for the next action 'action_listen'.
2024-11-13 19:37:23 DEBUG    rasa.engine.graph  - Node 'run_TEDPolicy2' running 'TEDPolicy.predict_action_probabilities'.
2024-11-13 19:37:23 DEBUG    rasa.core.policies.ted_policy  - TED predicted 'action_listen' based on user intent.
2024-11-13 19:37:23 DEBUG    rasa.engine.graph  - Node 'select_prediction' running 'DefaultPolicyPredictionEnsemble.combine_predictions_from_kwargs'.
2024-11-13 19:37:23 DEBUG    rasa.core.policies.ensemble  - Predicted next action using RulePolicy.
2024-11-13 19:37:23 DEBUG    rasa.core.processor  - Predicted next action 'action_listen' with confidence 1.00.
2024-11-13 19:37:23 DEBUG    rasa.core.processor  - {"prediction_events": [], "event": "processor.actions.policy_prediction", "level": "debug"}
2024-11-13 19:37:23 DEBUG    rasa.core.processor  - {"action_name": "action_listen", "rasa_events": [], "event": "processor.actions.log", "level": "debug"}
2024-11-13 19:37:23 DEBUG    rasa.core.tracker_store  - No event broker configured. Skipping streaming events.
2024-11-13 19:37:23 DEBUG    rasa.core.lock_store  - Deleted lock for conversation 'PractikumStudent'.
2024-11-13 19:37:48 DEBUG    rasa.core.lock_store  - Issuing ticket for conversation 'PractikumStudent'.
2024-11-13 19:37:48 DEBUG    rasa.core.lock_store  - Acquiring lock for conversation 'PractikumStudent'.
2024-11-13 19:37:48 DEBUG    rasa.core.lock_store  - Acquired lock for conversation 'PractikumStudent'.
2024-11-13 19:37:48 DEBUG    rasa.core.tracker_store  - Recreating tracker for id 'PractikumStudent'
2024-11-13 19:37:48 DEBUG    rasa.engine.runner.dask  - Running graph with inputs: {'__message__': [<rasa.core.channels.channel.UserMessage object at 0x73fb2c02d4b0>], '__tracker__': <rasa.shared.core.trackers.DialogueStateTracker object at 0x73fb23580b80>}, targets: ['run_RegexMessageHandler'] and ExecutionContext(model_id='c53c3e661ba3433d8e0d485d2b758ec7', should_add_diagnostic_data=False, is_finetuning=False, node_name=None).
2024-11-13 19:37:48 DEBUG    rasa.engine.graph  - Node 'nlu_message_converter' running 'NLUMessageConverter.convert_user_message'.
2024-11-13 19:37:48 DEBUG    rasa.engine.graph  - Node 'run_WhitespaceTokenizer0' running 'WhitespaceTokenizer.process'.
2024-11-13 19:37:48 DEBUG    rasa.engine.graph  - Node 'run_RegexFeaturizer1' running 'RegexFeaturizer.process'.
2024-11-13 19:37:48 DEBUG    rasa.engine.graph  - Node 'run_LexicalSyntacticFeaturizer2' running 'LexicalSyntacticFeaturizer.process'.
2024-11-13 19:37:48 DEBUG    rasa.engine.graph  - Node 'run_CountVectorsFeaturizer3' running 'CountVectorsFeaturizer.process'.
2024-11-13 19:37:48 DEBUG    rasa.engine.graph  - Node 'run_LanguageModelFeaturizer4' running 'LanguageModelFeaturizer.process'.
2024-11-13 19:37:48 DEBUG    rasa.engine.graph  - Node 'run_DIETClassifier5' running 'DIETClassifier.process'.
2024-11-13 19:37:48 DEBUG    rasa.engine.graph  - Node 'run_EntitySynonymMapper6' running 'EntitySynonymMapper.process'.
2024-11-13 19:37:48 DEBUG    rasa.engine.graph  - Node 'run_ResponseSelector7' running 'ResponseSelector.process'.
2024-11-13 19:37:48 DEBUG    rasa.nlu.classifiers.diet_classifier  - There is no trained model for 'ResponseSelector': The component is either not trained or didn't receive enough training data.
2024-11-13 19:37:48 DEBUG    rasa.nlu.selectors.response_selector  - Adding following selector key to message property: default
2024-11-13 19:37:48 DEBUG    rasa.engine.graph  - Node 'domain_provider' running 'DomainProvider.provide_inference'.
2024-11-13 19:37:48 DEBUG    rasa.engine.graph  - Node 'run_RegexMessageHandler' running 'RegexMessageHandler.process'.
2024-11-13 19:37:48 DEBUG    rasa.core.processor  - {"parse_data_text": "\u0420\u0430\u0441\u0441\u043a\u0430\u0436\u0438\u0442\u0435 \u043e\u0431 \u0430\u0440\u0445\u0438\u0442\u0435\u043a\u0442\u0443\u0440\u0435 \u041f\u041e.", "parse_data_intent": {"name": "ask_architecture", "confidence": 0.8231735825538635}, "parse_data_entities": [], "event": "processor.message.parse", "level": "debug"}
2024-11-13 19:37:48 DEBUG    rasa.core.processor  - Logged UserUtterance - tracker now has 10 events.
2024-11-13 19:37:48 DEBUG    rasa.core.actions.action  - Validating extracted slots: topic
2024-11-13 19:37:48 DEBUG    rasa.core.processor  - {"action_extract_slot": "action_extract_slots", "len_extraction_events": 1, "rasa_events": ["SlotSet(key: topic, value: \u0420\u0430\u0441\u0441\u043a\u0430\u0436\u0438\u0442\u0435 \u043e\u0431 \u0430\u0440\u0445\u0438\u0442\u0435\u043a\u0442\u0443\u0440\u0435 \u041f\u041e.)"], "event": "processor.extract.slots", "level": "debug"}
2024-11-13 19:37:48 DEBUG    rasa.engine.runner.dask  - Running graph with inputs: {'__tracker__': <rasa.shared.core.trackers.DialogueStateTracker object at 0x73fb23580b80>}, targets: ['select_prediction'] and ExecutionContext(model_id='c53c3e661ba3433d8e0d485d2b758ec7', should_add_diagnostic_data=False, is_finetuning=False, node_name=None).
2024-11-13 19:37:48 DEBUG    rasa.engine.graph  - Node 'rule_only_data_provider' running 'RuleOnlyDataProvider.provide'.
2024-11-13 19:37:48 DEBUG    rasa.engine.graph  - Node 'domain_provider' running 'DomainProvider.provide_inference'.
2024-11-13 19:37:48 DEBUG    rasa.engine.graph  - Node 'run_MemoizationPolicy0' running 'MemoizationPolicy.predict_action_probabilities'.
2024-11-13 19:37:48 DEBUG    rasa.core.policies.memoization  - {"tracker_states": [{"user": {"intent": "greet"}, "prev_action": {"action_name": "utter_greet"}}, {"user": {"intent": "ask_architecture"}, "prev_action": {"action_name": "action_listen"}}], "event": "memoization.predict.actions", "level": "debug"}
2024-11-13 19:37:48 DEBUG    rasa.core.policies.memoization  - There is a memorised next action 'utter_architecture_response'
2024-11-13 19:37:48 DEBUG    rasa.engine.graph  - Node 'run_RulePolicy1' running 'RulePolicy.predict_action_probabilities'.
2024-11-13 19:37:48 DEBUG    rasa.core.policies.rule_policy  - {"current_states": "\n[state 1] user intent: greet | previous action name: action_listen\n[state 2] user intent: greet | previous action name: utter_greet\n[state 3] user text: \u0420\u0430\u0441\u0441\u043a\u0430\u0436\u0438\u0442\u0435 \u043e\u0431 \u0430\u0440\u0445\u0438\u0442\u0435\u043a\u0442\u0443\u0440\u0435 \u041f\u041e. | previous action name: action_listen", "event": "rule_policy.actions.find", "level": "debug"}
2024-11-13 19:37:48 DEBUG    rasa.core.policies.rule_policy  - There is no applicable rule.
2024-11-13 19:37:48 DEBUG    rasa.core.policies.rule_policy  - {"current_states": "\n[state 1] user intent: greet | previous action name: action_listen\n[state 2] user intent: greet | previous action name: utter_greet\n[state 3] user intent: ask_architecture | previous action name: action_listen", "event": "rule_policy.actions.find", "level": "debug"}
2024-11-13 19:37:48 DEBUG    rasa.core.policies.rule_policy  - There is a rule for the next action 'utter_architecture_response'.
2024-11-13 19:37:48 DEBUG    rasa.engine.graph  - Node 'run_TEDPolicy2' running 'TEDPolicy.predict_action_probabilities'.
2024-11-13 19:37:48 DEBUG    rasa.core.policies.ted_policy  - TED predicted 'action_revert_fallback_events' based on user intent.
2024-11-13 19:37:48 DEBUG    rasa.engine.graph  - Node 'select_prediction' running 'DefaultPolicyPredictionEnsemble.combine_predictions_from_kwargs'.
2024-11-13 19:37:48 DEBUG    rasa.core.policies.ensemble  - Made prediction using user intent.
2024-11-13 19:37:48 DEBUG    rasa.core.policies.ensemble  - Added `DefinePrevUserUtteredFeaturization(False)` event.
2024-11-13 19:37:48 DEBUG    rasa.core.policies.ensemble  - Predicted next action using RulePolicy.
2024-11-13 19:37:48 DEBUG    rasa.core.processor  - Predicted next action 'utter_architecture_response' with confidence 1.00.
2024-11-13 19:37:48 DEBUG    rasa.core.processor  - {"prediction_events": ["<rasa.shared.core.events.DefinePrevUserUtteredFeaturization object at 0x73fb2c0b1960>"], "event": "processor.actions.policy_prediction", "level": "debug"}
2024-11-13 19:37:48 DEBUG    rasa.core.processor  - {"action_name": "utter_architecture_response", "rasa_events": ["BotUttered('\u0410\u0440\u0445\u0438\u0442\u0435\u043a\u0442\u0443\u0440\u0430 \u041f\u041e \u0432\u043a\u043b\u044e\u0447\u0430\u0435\u0442 \u0432\u044b\u0431\u043e\u0440 \u0441\u0442\u0440\u0443\u043a\u0442\u0443\u0440, \u043a\u043e\u0442\u043e\u0440\u044b\u0435 \u043e\u0431\u0435\u0441\u043f\u0435\u0447\u0438\u0432\u0430\u044e\u0442 \u043c\u0430\u0441\u0448\u0442\u0430\u0431\u0438\u0440\u0443\u0435\u043c\u043e\u0441\u0442\u044c, \u0433\u0438\u0431\u043a\u043e\u0441\u0442\u044c \u0438 \u043f\u043e\u0434\u0434\u0435\u0440\u0436\u0438\u0432\u0430\u0435\u043c\u043e\u0441\u0442\u044c \u043f\u0440\u0438\u043b\u043e\u0436\u0435\u043d\u0438\u044f. \u0417\u0430\u0434\u0430\u0439\u0442\u0435 \u043a\u043e\u043d\u043a\u0440\u0435\u0442\u043d\u044b\u0439 \u0432\u043e\u043f\u0440\u043e\u0441 \u043f\u043e \u044d\u0442\u043e\u0439 \u0442\u0435\u043c\u0435, \u0438 \u044f \u043f\u043e\u043c\u043e\u0433\u0443 \u0432\u0430\u043c \u0441 \u0438\u043d\u0444\u043e\u0440\u043c\u0430\u0446\u0438\u0435\u0439.', {\"elements\": null, \"quick_replies\": null, \"buttons\": null, \"attachment\": null, \"image\": null, \"custom\": null}, {\"utter_action\": \"utter_architecture_response\"}, 1731515868.6682498)"], "event": "processor.actions.log", "level": "debug"}
2024-11-13 19:37:48 DEBUG    rasa.engine.runner.dask  - Running graph with inputs: {'__tracker__': <rasa.shared.core.trackers.DialogueStateTracker object at 0x73fb23580b80>}, targets: ['select_prediction'] and ExecutionContext(model_id='c53c3e661ba3433d8e0d485d2b758ec7', should_add_diagnostic_data=False, is_finetuning=False, node_name=None).
2024-11-13 19:37:48 DEBUG    rasa.engine.graph  - Node 'rule_only_data_provider' running 'RuleOnlyDataProvider.provide'.
2024-11-13 19:37:48 DEBUG    rasa.engine.graph  - Node 'domain_provider' running 'DomainProvider.provide_inference'.
2024-11-13 19:37:48 DEBUG    rasa.engine.graph  - Node 'run_MemoizationPolicy0' running 'MemoizationPolicy.predict_action_probabilities'.
2024-11-13 19:37:48 DEBUG    rasa.core.policies.memoization  - {"tracker_states": [{"user": {"intent": "ask_architecture"}, "prev_action": {"action_name": "action_listen"}}, {"user": {"intent": "ask_architecture"}, "prev_action": {"action_name": "utter_architecture_response"}}], "event": "memoization.predict.actions", "level": "debug"}
2024-11-13 19:37:48 DEBUG    rasa.core.policies.memoization  - There is a memorised next action 'action_listen'
2024-11-13 19:37:48 DEBUG    rasa.engine.graph  - Node 'run_RulePolicy1' running 'RulePolicy.predict_action_probabilities'.
2024-11-13 19:37:48 DEBUG    rasa.core.policies.rule_policy  - {"current_states": "\n[state 1] user intent: greet | previous action name: action_listen\n[state 2] user intent: greet | previous action name: utter_greet\n[state 3] user intent: ask_architecture | previous action name: action_listen\n[state 4] user intent: ask_architecture | previous action name: utter_architecture_response", "event": "rule_policy.actions.find", "level": "debug"}
2024-11-13 19:37:48 DEBUG    rasa.core.policies.rule_policy  - There is a rule for the next action 'action_listen'.
2024-11-13 19:37:48 DEBUG    rasa.engine.graph  - Node 'run_TEDPolicy2' running 'TEDPolicy.predict_action_probabilities'.
2024-11-13 19:37:48 DEBUG    rasa.core.policies.ted_policy  - TED predicted 'action_default_ask_affirmation' based on user intent.
2024-11-13 19:37:48 DEBUG    rasa.engine.graph  - Node 'select_prediction' running 'DefaultPolicyPredictionEnsemble.combine_predictions_from_kwargs'.
2024-11-13 19:37:48 DEBUG    rasa.core.policies.ensemble  - Predicted next action using RulePolicy.
2024-11-13 19:37:48 DEBUG    rasa.core.processor  - Predicted next action 'action_listen' with confidence 1.00.
2024-11-13 19:37:48 DEBUG    rasa.core.processor  - {"prediction_events": [], "event": "processor.actions.policy_prediction", "level": "debug"}
2024-11-13 19:37:48 DEBUG    rasa.core.processor  - {"action_name": "action_listen", "rasa_events": [], "event": "processor.actions.log", "level": "debug"}
2024-11-13 19:37:48 DEBUG    rasa.core.tracker_store  - No event broker configured. Skipping streaming events.
2024-11-13 19:37:48 DEBUG    rasa.core.lock_store  - Deleted lock for conversation 'PractikumStudent'.
2024-11-13 19:38:02 DEBUG    rasa.core.lock_store  - Issuing ticket for conversation 'PractikumStudent'.
2024-11-13 19:38:02 DEBUG    rasa.core.lock_store  - Acquiring lock for conversation 'PractikumStudent'.
2024-11-13 19:38:02 DEBUG    rasa.core.lock_store  - Acquired lock for conversation 'PractikumStudent'.
2024-11-13 19:38:02 DEBUG    rasa.core.tracker_store  - Recreating tracker for id 'PractikumStudent'
2024-11-13 19:38:02 DEBUG    rasa.engine.runner.dask  - Running graph with inputs: {'__message__': [<rasa.core.channels.channel.UserMessage object at 0x73fb2c02d4b0>], '__tracker__': <rasa.shared.core.trackers.DialogueStateTracker object at 0x73fb23581cc0>}, targets: ['run_RegexMessageHandler'] and ExecutionContext(model_id='c53c3e661ba3433d8e0d485d2b758ec7', should_add_diagnostic_data=False, is_finetuning=False, node_name=None).
2024-11-13 19:38:02 DEBUG    rasa.engine.graph  - Node 'nlu_message_converter' running 'NLUMessageConverter.convert_user_message'.
2024-11-13 19:38:02 DEBUG    rasa.engine.graph  - Node 'run_WhitespaceTokenizer0' running 'WhitespaceTokenizer.process'.
2024-11-13 19:38:02 DEBUG    rasa.engine.graph  - Node 'run_RegexFeaturizer1' running 'RegexFeaturizer.process'.
2024-11-13 19:38:02 DEBUG    rasa.engine.graph  - Node 'run_LexicalSyntacticFeaturizer2' running 'LexicalSyntacticFeaturizer.process'.
2024-11-13 19:38:02 DEBUG    rasa.engine.graph  - Node 'run_CountVectorsFeaturizer3' running 'CountVectorsFeaturizer.process'.
2024-11-13 19:38:02 DEBUG    rasa.engine.graph  - Node 'run_LanguageModelFeaturizer4' running 'LanguageModelFeaturizer.process'.
2024-11-13 19:38:02 DEBUG    rasa.engine.graph  - Node 'run_DIETClassifier5' running 'DIETClassifier.process'.
2024-11-13 19:38:02 DEBUG    rasa.engine.graph  - Node 'run_EntitySynonymMapper6' running 'EntitySynonymMapper.process'.
2024-11-13 19:38:02 DEBUG    rasa.engine.graph  - Node 'run_ResponseSelector7' running 'ResponseSelector.process'.
2024-11-13 19:38:02 DEBUG    rasa.nlu.classifiers.diet_classifier  - There is no trained model for 'ResponseSelector': The component is either not trained or didn't receive enough training data.
2024-11-13 19:38:02 DEBUG    rasa.nlu.selectors.response_selector  - Adding following selector key to message property: default
2024-11-13 19:38:02 DEBUG    rasa.engine.graph  - Node 'domain_provider' running 'DomainProvider.provide_inference'.
2024-11-13 19:38:02 DEBUG    rasa.engine.graph  - Node 'run_RegexMessageHandler' running 'RegexMessageHandler.process'.
2024-11-13 19:38:02 DEBUG    rasa.core.processor  - {"parse_data_text": "\u041a\u0430\u043a\u0438\u0435 \u043f\u043e\u0434\u0445\u043e\u0434\u044b \u0441\u0443\u0449\u0435\u0441\u0442\u0432\u0443\u044e\u0442 \u0432 \u0430\u0440\u0445\u0438\u0442\u0435\u043a\u0442\u0443\u0440\u0435?", "parse_data_intent": {"name": "ask_architecture", "confidence": 0.8822011351585388}, "parse_data_entities": [], "event": "processor.message.parse", "level": "debug"}
2024-11-13 19:38:02 DEBUG    rasa.core.processor  - Logged UserUtterance - tracker now has 16 events.
2024-11-13 19:38:02 DEBUG    rasa.core.actions.action  - Validating extracted slots: topic
2024-11-13 19:38:02 DEBUG    rasa.core.processor  - {"action_extract_slot": "action_extract_slots", "len_extraction_events": 1, "rasa_events": ["SlotSet(key: topic, value: \u041a\u0430\u043a\u0438\u0435 \u043f\u043e\u0434\u0445\u043e\u0434\u044b \u0441\u0443\u0449\u0435\u0441\u0442\u0432\u0443\u044e\u0442 \u0432 \u0430\u0440\u0445\u0438\u0442\u0435\u043a\u0442\u0443\u0440\u0435?)"], "event": "processor.extract.slots", "level": "debug"}
2024-11-13 19:38:02 DEBUG    rasa.engine.runner.dask  - Running graph with inputs: {'__tracker__': <rasa.shared.core.trackers.DialogueStateTracker object at 0x73fb23581cc0>}, targets: ['select_prediction'] and ExecutionContext(model_id='c53c3e661ba3433d8e0d485d2b758ec7', should_add_diagnostic_data=False, is_finetuning=False, node_name=None).
2024-11-13 19:38:02 DEBUG    rasa.engine.graph  - Node 'rule_only_data_provider' running 'RuleOnlyDataProvider.provide'.
2024-11-13 19:38:02 DEBUG    rasa.engine.graph  - Node 'domain_provider' running 'DomainProvider.provide_inference'.
2024-11-13 19:38:02 DEBUG    rasa.engine.graph  - Node 'run_MemoizationPolicy0' running 'MemoizationPolicy.predict_action_probabilities'.
2024-11-13 19:38:02 DEBUG    rasa.core.policies.memoization  - {"tracker_states": [{"user": {"intent": "ask_architecture"}, "prev_action": {"action_name": "utter_architecture_response"}}, {"user": {"intent": "ask_architecture"}, "prev_action": {"action_name": "action_listen"}}], "event": "memoization.predict.actions", "level": "debug"}
2024-11-13 19:38:02 DEBUG    rasa.core.policies.memoization  - There is no memorised next action
2024-11-13 19:38:02 DEBUG    rasa.engine.graph  - Node 'run_RulePolicy1' running 'RulePolicy.predict_action_probabilities'.
2024-11-13 19:38:02 DEBUG    rasa.core.policies.rule_policy  - {"current_states": "\n[state 1] user intent: greet | previous action name: action_listen\n[state 2] user intent: greet | previous action name: utter_greet\n[state 3] user intent: ask_architecture | previous action name: action_listen\n[state 4] user intent: ask_architecture | previous action name: utter_architecture_response\n[state 5] user text: \u041a\u0430\u043a\u0438\u0435 \u043f\u043e\u0434\u0445\u043e\u0434\u044b \u0441\u0443\u0449\u0435\u0441\u0442\u0432\u0443\u044e\u0442 \u0432 \u0430\u0440\u0445\u0438\u0442\u0435\u043a\u0442\u0443\u0440\u0435? | previous action name: action_listen", "event": "rule_policy.actions.find", "level": "debug"}
2024-11-13 19:38:02 DEBUG    rasa.core.policies.rule_policy  - There is no applicable rule.
2024-11-13 19:38:02 DEBUG    rasa.core.policies.rule_policy  - {"current_states": "\n[state 1] user intent: greet | previous action name: action_listen\n[state 2] user intent: greet | previous action name: utter_greet\n[state 3] user intent: ask_architecture | previous action name: action_listen\n[state 4] user intent: ask_architecture | previous action name: utter_architecture_response\n[state 5] user intent: ask_architecture | previous action name: action_listen", "event": "rule_policy.actions.find", "level": "debug"}
2024-11-13 19:38:02 DEBUG    rasa.core.policies.rule_policy  - There is a rule for the next action 'utter_architecture_response'.
2024-11-13 19:38:02 DEBUG    rasa.engine.graph  - Node 'run_TEDPolicy2' running 'TEDPolicy.predict_action_probabilities'.
2024-11-13 19:38:02 DEBUG    rasa.core.policies.ted_policy  - TED predicted 'action_revert_fallback_events' based on user intent.
2024-11-13 19:38:02 DEBUG    rasa.engine.graph  - Node 'select_prediction' running 'DefaultPolicyPredictionEnsemble.combine_predictions_from_kwargs'.
2024-11-13 19:38:02 DEBUG    rasa.core.policies.ensemble  - Made prediction using user intent.
2024-11-13 19:38:02 DEBUG    rasa.core.policies.ensemble  - Added `DefinePrevUserUtteredFeaturization(False)` event.
2024-11-13 19:38:02 DEBUG    rasa.core.policies.ensemble  - Predicted next action using RulePolicy.
2024-11-13 19:38:02 DEBUG    rasa.core.processor  - Predicted next action 'utter_architecture_response' with confidence 1.00.
2024-11-13 19:38:02 DEBUG    rasa.core.processor  - {"prediction_events": ["<rasa.shared.core.events.DefinePrevUserUtteredFeaturization object at 0x73fb2c0b1cf0>"], "event": "processor.actions.policy_prediction", "level": "debug"}
2024-11-13 19:38:02 DEBUG    rasa.core.processor  - {"action_name": "utter_architecture_response", "rasa_events": ["BotUttered('\u0410\u0440\u0445\u0438\u0442\u0435\u043a\u0442\u0443\u0440\u0430 \u041f\u041e \u0432\u043a\u043b\u044e\u0447\u0430\u0435\u0442 \u0432\u044b\u0431\u043e\u0440 \u0441\u0442\u0440\u0443\u043a\u0442\u0443\u0440, \u043a\u043e\u0442\u043e\u0440\u044b\u0435 \u043e\u0431\u0435\u0441\u043f\u0435\u0447\u0438\u0432\u0430\u044e\u0442 \u043c\u0430\u0441\u0448\u0442\u0430\u0431\u0438\u0440\u0443\u0435\u043c\u043e\u0441\u0442\u044c, \u0433\u0438\u0431\u043a\u043e\u0441\u0442\u044c \u0438 \u043f\u043e\u0434\u0434\u0435\u0440\u0436\u0438\u0432\u0430\u0435\u043c\u043e\u0441\u0442\u044c \u043f\u0440\u0438\u043b\u043e\u0436\u0435\u043d\u0438\u044f. \u0417\u0430\u0434\u0430\u0439\u0442\u0435 \u043a\u043e\u043d\u043a\u0440\u0435\u0442\u043d\u044b\u0439 \u0432\u043e\u043f\u0440\u043e\u0441 \u043f\u043e \u044d\u0442\u043e\u0439 \u0442\u0435\u043c\u0435, \u0438 \u044f \u043f\u043e\u043c\u043e\u0433\u0443 \u0432\u0430\u043c \u0441 \u0438\u043d\u0444\u043e\u0440\u043c\u0430\u0446\u0438\u0435\u0439.', {\"elements\": null, \"quick_replies\": null, \"buttons\": null, \"attachment\": null, \"image\": null, \"custom\": null}, {\"utter_action\": \"utter_architecture_response\"}, 1731515882.4392495)"], "event": "processor.actions.log", "level": "debug"}
2024-11-13 19:38:02 DEBUG    rasa.engine.runner.dask  - Running graph with inputs: {'__tracker__': <rasa.shared.core.trackers.DialogueStateTracker object at 0x73fb23581cc0>}, targets: ['select_prediction'] and ExecutionContext(model_id='c53c3e661ba3433d8e0d485d2b758ec7', should_add_diagnostic_data=False, is_finetuning=False, node_name=None).
2024-11-13 19:38:02 DEBUG    rasa.engine.graph  - Node 'rule_only_data_provider' running 'RuleOnlyDataProvider.provide'.
2024-11-13 19:38:02 DEBUG    rasa.engine.graph  - Node 'domain_provider' running 'DomainProvider.provide_inference'.
2024-11-13 19:38:02 DEBUG    rasa.engine.graph  - Node 'run_MemoizationPolicy0' running 'MemoizationPolicy.predict_action_probabilities'.
2024-11-13 19:38:02 DEBUG    rasa.core.policies.memoization  - {"tracker_states": [{"user": {"intent": "ask_architecture"}, "prev_action": {"action_name": "action_listen"}}, {"user": {"intent": "ask_architecture"}, "prev_action": {"action_name": "utter_architecture_response"}}], "event": "memoization.predict.actions", "level": "debug"}
2024-11-13 19:38:02 DEBUG    rasa.core.policies.memoization  - There is a memorised next action 'action_listen'
2024-11-13 19:38:02 DEBUG    rasa.engine.graph  - Node 'run_RulePolicy1' running 'RulePolicy.predict_action_probabilities'.
2024-11-13 19:38:02 DEBUG    rasa.core.policies.rule_policy  - {"current_states": "\n[state 1] user intent: greet | previous action name: action_listen\n[state 2] user intent: greet | previous action name: utter_greet\n[state 3] user intent: ask_architecture | previous action name: action_listen\n[state 4] user intent: ask_architecture | previous action name: utter_architecture_response\n[state 5] user intent: ask_architecture | previous action name: action_listen\n[state 6] user intent: ask_architecture | previous action name: utter_architecture_response", "event": "rule_policy.actions.find", "level": "debug"}
2024-11-13 19:38:02 DEBUG    rasa.core.policies.rule_policy  - There is a rule for the next action 'action_listen'.
2024-11-13 19:38:02 DEBUG    rasa.engine.graph  - Node 'run_TEDPolicy2' running 'TEDPolicy.predict_action_probabilities'.
2024-11-13 19:38:02 DEBUG    rasa.core.policies.ted_policy  - TED predicted 'action_default_ask_affirmation' based on user intent.
2024-11-13 19:38:02 DEBUG    rasa.engine.graph  - Node 'select_prediction' running 'DefaultPolicyPredictionEnsemble.combine_predictions_from_kwargs'.
2024-11-13 19:38:02 DEBUG    rasa.core.policies.ensemble  - Predicted next action using RulePolicy.
2024-11-13 19:38:02 DEBUG    rasa.core.processor  - Predicted next action 'action_listen' with confidence 1.00.
2024-11-13 19:38:02 DEBUG    rasa.core.processor  - {"prediction_events": [], "event": "processor.actions.policy_prediction", "level": "debug"}
2024-11-13 19:38:02 DEBUG    rasa.core.processor  - {"action_name": "action_listen", "rasa_events": [], "event": "processor.actions.log", "level": "debug"}
2024-11-13 19:38:02 DEBUG    rasa.core.tracker_store  - No event broker configured. Skipping streaming events.
2024-11-13 19:38:02 DEBUG    rasa.core.lock_store  - Deleted lock for conversation 'PractikumStudent'.
2024-11-13 19:38:26 DEBUG    rasa.core.lock_store  - Issuing ticket for conversation 'PractikumStudent'.
2024-11-13 19:38:26 DEBUG    rasa.core.lock_store  - Acquiring lock for conversation 'PractikumStudent'.
2024-11-13 19:38:26 DEBUG    rasa.core.lock_store  - Acquired lock for conversation 'PractikumStudent'.
2024-11-13 19:38:26 DEBUG    rasa.core.tracker_store  - Recreating tracker for id 'PractikumStudent'
2024-11-13 19:38:26 DEBUG    rasa.engine.runner.dask  - Running graph with inputs: {'__message__': [<rasa.core.channels.channel.UserMessage object at 0x73fb2c02d4b0>], '__tracker__': <rasa.shared.core.trackers.DialogueStateTracker object at 0x73fb23fe52a0>}, targets: ['run_RegexMessageHandler'] and ExecutionContext(model_id='c53c3e661ba3433d8e0d485d2b758ec7', should_add_diagnostic_data=False, is_finetuning=False, node_name=None).
2024-11-13 19:38:26 DEBUG    rasa.engine.graph  - Node 'nlu_message_converter' running 'NLUMessageConverter.convert_user_message'.
2024-11-13 19:38:26 DEBUG    rasa.engine.graph  - Node 'run_WhitespaceTokenizer0' running 'WhitespaceTokenizer.process'.
2024-11-13 19:38:26 DEBUG    rasa.engine.graph  - Node 'run_RegexFeaturizer1' running 'RegexFeaturizer.process'.
2024-11-13 19:38:26 DEBUG    rasa.engine.graph  - Node 'run_LexicalSyntacticFeaturizer2' running 'LexicalSyntacticFeaturizer.process'.
2024-11-13 19:38:26 DEBUG    rasa.engine.graph  - Node 'run_CountVectorsFeaturizer3' running 'CountVectorsFeaturizer.process'.
2024-11-13 19:38:26 DEBUG    rasa.engine.graph  - Node 'run_LanguageModelFeaturizer4' running 'LanguageModelFeaturizer.process'.
2024-11-13 19:38:27 DEBUG    rasa.engine.graph  - Node 'run_DIETClassifier5' running 'DIETClassifier.process'.
2024-11-13 19:38:27 DEBUG    rasa.engine.graph  - Node 'run_EntitySynonymMapper6' running 'EntitySynonymMapper.process'.
2024-11-13 19:38:27 DEBUG    rasa.engine.graph  - Node 'run_ResponseSelector7' running 'ResponseSelector.process'.
2024-11-13 19:38:27 DEBUG    rasa.nlu.classifiers.diet_classifier  - There is no trained model for 'ResponseSelector': The component is either not trained or didn't receive enough training data.
2024-11-13 19:38:27 DEBUG    rasa.nlu.selectors.response_selector  - Adding following selector key to message property: default
2024-11-13 19:38:27 DEBUG    rasa.engine.graph  - Node 'domain_provider' running 'DomainProvider.provide_inference'.
2024-11-13 19:38:27 DEBUG    rasa.engine.graph  - Node 'run_RegexMessageHandler' running 'RegexMessageHandler.process'.
2024-11-13 19:38:27 DEBUG    rasa.core.processor  - {"parse_data_text": "\u043f\u0441, \u043f\u0430\u0440\u0435\u043d\u044c", "parse_data_intent": {"name": "deny", "confidence": 0.2085535079240799}, "parse_data_entities": [], "event": "processor.message.parse", "level": "debug"}
2024-11-13 19:38:27 DEBUG    rasa.core.processor  - Logged UserUtterance - tracker now has 22 events.
2024-11-13 19:38:27 DEBUG    rasa.core.actions.action  - Validating extracted slots: topic
2024-11-13 19:38:27 DEBUG    rasa.core.processor  - {"action_extract_slot": "action_extract_slots", "len_extraction_events": 1, "rasa_events": ["SlotSet(key: topic, value: \u043f\u0441, \u043f\u0430\u0440\u0435\u043d\u044c)"], "event": "processor.extract.slots", "level": "debug"}
2024-11-13 19:38:27 DEBUG    rasa.engine.runner.dask  - Running graph with inputs: {'__tracker__': <rasa.shared.core.trackers.DialogueStateTracker object at 0x73fb23fe52a0>}, targets: ['select_prediction'] and ExecutionContext(model_id='c53c3e661ba3433d8e0d485d2b758ec7', should_add_diagnostic_data=False, is_finetuning=False, node_name=None).
2024-11-13 19:38:27 DEBUG    rasa.engine.graph  - Node 'rule_only_data_provider' running 'RuleOnlyDataProvider.provide'.
2024-11-13 19:38:27 DEBUG    rasa.engine.graph  - Node 'domain_provider' running 'DomainProvider.provide_inference'.
2024-11-13 19:38:27 DEBUG    rasa.engine.graph  - Node 'run_MemoizationPolicy0' running 'MemoizationPolicy.predict_action_probabilities'.
2024-11-13 19:38:27 DEBUG    rasa.core.policies.memoization  - {"tracker_states": [{"user": {"intent": "ask_architecture"}, "prev_action": {"action_name": "utter_architecture_response"}}, {"user": {"intent": "deny"}, "prev_action": {"action_name": "action_listen"}}], "event": "memoization.predict.actions", "level": "debug"}
2024-11-13 19:38:27 DEBUG    rasa.core.policies.memoization  - There is no memorised next action
2024-11-13 19:38:27 DEBUG    rasa.engine.graph  - Node 'run_RulePolicy1' running 'RulePolicy.predict_action_probabilities'.
2024-11-13 19:38:27 DEBUG    rasa.core.policies.rule_policy  - {"current_states": "\n[state 1] user intent: greet | previous action name: action_listen\n[state 2] user intent: greet | previous action name: utter_greet\n[state 3] user intent: ask_architecture | previous action name: action_listen\n[state 4] user intent: ask_architecture | previous action name: utter_architecture_response\n[state 5] user intent: ask_architecture | previous action name: action_listen\n[state 6] user intent: ask_architecture | previous action name: utter_architecture_response\n[state 7] user text: \u043f\u0441, \u043f\u0430\u0440\u0435\u043d\u044c | previous action name: action_listen", "event": "rule_policy.actions.find", "level": "debug"}
2024-11-13 19:38:27 DEBUG    rasa.core.policies.rule_policy  - There is no applicable rule.
2024-11-13 19:38:27 DEBUG    rasa.core.policies.rule_policy  - {"current_states": "\n[state 1] user intent: greet | previous action name: action_listen\n[state 2] user intent: greet | previous action name: utter_greet\n[state 3] user intent: ask_architecture | previous action name: action_listen\n[state 4] user intent: ask_architecture | previous action name: utter_architecture_response\n[state 5] user intent: ask_architecture | previous action name: action_listen\n[state 6] user intent: ask_architecture | previous action name: utter_architecture_response\n[state 7] user intent: deny | previous action name: action_listen", "event": "rule_policy.actions.find", "level": "debug"}
2024-11-13 19:38:27 DEBUG    rasa.core.policies.rule_policy  - There is no applicable rule.
2024-11-13 19:38:27 DEBUG    rasa.engine.graph  - Node 'run_TEDPolicy2' running 'TEDPolicy.predict_action_probabilities'.
2024-11-13 19:38:27 DEBUG    rasa.core.policies.ted_policy  - TED predicted 'action_default_ask_affirmation' based on user intent.
2024-11-13 19:38:27 DEBUG    rasa.engine.graph  - Node 'select_prediction' running 'DefaultPolicyPredictionEnsemble.combine_predictions_from_kwargs'.
2024-11-13 19:38:27 DEBUG    rasa.core.policies.ensemble  - Made prediction using user intent.
2024-11-13 19:38:27 DEBUG    rasa.core.policies.ensemble  - Added `DefinePrevUserUtteredFeaturization(False)` event.
2024-11-13 19:38:27 DEBUG    rasa.core.policies.ensemble  - Predicted next action using RulePolicy.
2024-11-13 19:38:27 DEBUG    rasa.core.processor  - Predicted next action 'action_default_fallback' with confidence 0.30.
2024-11-13 19:38:27 DEBUG    rasa.core.processor  - {"prediction_events": ["<rasa.shared.core.events.DefinePrevUserUtteredFeaturization object at 0x73fb2c0b0460>"], "event": "processor.actions.policy_prediction", "level": "debug"}
2024-11-13 19:38:27 DEBUG    rasa.core.processor  - {"action_name": "action_default_fallback", "rasa_events": ["<rasa.shared.core.events.UserUtteranceReverted object at 0x73fb2c0b3400>"], "event": "processor.actions.log", "level": "debug"}
2024-11-13 19:38:27 DEBUG    rasa.core.processor  - {"slot_values": "\ttopic: \u041a\u0430\u043a\u0438\u0435 \u043f\u043e\u0434\u0445\u043e\u0434\u044b \u0441\u0443\u0449\u0435\u0441\u0442\u0432\u0443\u044e\u0442 \u0432 \u0430\u0440\u0445\u0438\u0442\u0435\u043a\u0442\u0443\u0440\u0435?\n\tsession_started_metadata: None", "event": "processor.slots.log", "level": "debug"}
2024-11-13 19:38:27 DEBUG    rasa.engine.runner.dask  - Running graph with inputs: {'__tracker__': <rasa.shared.core.trackers.DialogueStateTracker object at 0x73fb23fe52a0>}, targets: ['select_prediction'] and ExecutionContext(model_id='c53c3e661ba3433d8e0d485d2b758ec7', should_add_diagnostic_data=False, is_finetuning=False, node_name=None).
2024-11-13 19:38:27 DEBUG    rasa.engine.graph  - Node 'rule_only_data_provider' running 'RuleOnlyDataProvider.provide'.
2024-11-13 19:38:27 DEBUG    rasa.engine.graph  - Node 'domain_provider' running 'DomainProvider.provide_inference'.
2024-11-13 19:38:27 DEBUG    rasa.engine.graph  - Node 'run_MemoizationPolicy0' running 'MemoizationPolicy.predict_action_probabilities'.
2024-11-13 19:38:27 DEBUG    rasa.core.policies.memoization  - {"tracker_states": [{"user": {"intent": "ask_architecture"}, "prev_action": {"action_name": "action_listen"}}, {"user": {"intent": "ask_architecture"}, "prev_action": {"action_name": "utter_architecture_response"}}], "event": "memoization.predict.actions", "level": "debug"}
2024-11-13 19:38:27 DEBUG    rasa.core.policies.memoization  - There is a memorised next action 'action_listen'
2024-11-13 19:38:27 DEBUG    rasa.engine.graph  - Node 'run_RulePolicy1' running 'RulePolicy.predict_action_probabilities'.
2024-11-13 19:38:27 DEBUG    rasa.core.policies.rule_policy  - {"current_states": "\n[state 1] user intent: greet | previous action name: action_listen\n[state 2] user intent: greet | previous action name: utter_greet\n[state 3] user intent: ask_architecture | previous action name: action_listen\n[state 4] user intent: ask_architecture | previous action name: utter_architecture_response\n[state 5] user intent: ask_architecture | previous action name: action_listen\n[state 6] user intent: ask_architecture | previous action name: utter_architecture_response", "event": "rule_policy.actions.find", "level": "debug"}
2024-11-13 19:38:27 DEBUG    rasa.core.policies.rule_policy  - There is a rule for the next action 'action_listen'.
2024-11-13 19:38:27 DEBUG    rasa.engine.graph  - Node 'run_TEDPolicy2' running 'TEDPolicy.predict_action_probabilities'.
2024-11-13 19:38:27 DEBUG    rasa.core.policies.ted_policy  - TED predicted 'action_default_ask_affirmation' based on user intent.
2024-11-13 19:38:27 DEBUG    rasa.engine.graph  - Node 'select_prediction' running 'DefaultPolicyPredictionEnsemble.combine_predictions_from_kwargs'.
2024-11-13 19:38:27 DEBUG    rasa.core.policies.ensemble  - Predicted next action using RulePolicy.
2024-11-13 19:38:27 DEBUG    rasa.core.processor  - Predicted next action 'action_listen' with confidence 1.00.
2024-11-13 19:38:27 DEBUG    rasa.core.processor  - {"prediction_events": [], "event": "processor.actions.policy_prediction", "level": "debug"}
2024-11-13 19:38:27 DEBUG    rasa.core.processor  - {"action_name": "action_listen", "rasa_events": [], "event": "processor.actions.log", "level": "debug"}
2024-11-13 19:38:27 DEBUG    rasa.core.tracker_store  - No event broker configured. Skipping streaming events.
2024-11-13 19:38:27 DEBUG    rasa.core.lock_store  - Deleted lock for conversation 'PractikumStudent'.
